# JRE version: OpenJDK Runtime Environment (8.0_282-b08) (build 1.8.0_282-8u282-b08-0ubuntu1~20.04-b08)
# Java VM: OpenJDK 64-Bit Server VM (25.282-b08 mixed mode linux-amd64 compressed oops)
Heap:
 PSYoungGen      total 68608K, used 2468K [0x00000000d7200000, 0x00000000dff00000, 0x0000000100000000)
  eden space 63488K, 3% used [0x00000000d7200000,0x00000000d74692c0,0x00000000db000000)
  from space 5120K, 0% used [0x00000000db000000,0x00000000db000000,0x00000000db500000)
  to   space 8704K, 0% used [0x00000000df680000,0x00000000df680000,0x00000000dff00000)
 ParOldGen       total 47616K, used 5531K [0x0000000085600000, 0x0000000088480000, 0x00000000d7200000)
  object space 47616K, 11% used [0x0000000085600000,0x0000000085b66f80,0x0000000088480000)
 Metaspace       used 20114K, capacity 21316K, committed 21504K, reserved 1067008K
  class space    used 2687K, capacity 2949K, committed 3072K, reserved 1048576K
GC Heap History (10 events):
Event: 2.655 GC heap before
{Heap before GC invocations=2 (full 0):
 PSYoungGen      total 36864K, used 36001K [0x00000000d7200000, 0x00000000d9b00000, 0x0000000100000000)
  eden space 31744K, 100% used [0x00000000d7200000,0x00000000d9100000,0x00000000d9100000)
  from space 5120K, 83% used [0x00000000d9100000,0x00000000d95285f0,0x00000000d9600000)
  to   space 5120K, 0% used [0x00000000d9600000,0x00000000d9600000,0x00000000d9b00000)
 ParOldGen       total 84992K, used 16K [0x0000000085600000, 0x000000008a900000, 0x00000000d7200000)
  object space 84992K, 0% used [0x0000000085600000,0x0000000085604000,0x000000008a900000)
 Metaspace       used 14429K, capacity 15136K, committed 15488K, reserved 1062912K
  class space    used 1877K, capacity 2062K, committed 2176K, reserved 1048576K
Event: 2.666 GC heap after
Heap after GC invocations=2 (full 0):
 PSYoungGen      total 36864K, used 5091K [0x00000000d7200000, 0x00000000d9b00000, 0x0000000100000000)
  eden space 31744K, 0% used [0x00000000d7200000,0x00000000d7200000,0x00000000d9100000)
  from space 5120K, 99% used [0x00000000d9600000,0x00000000d9af8e78,0x00000000d9b00000)
  to   space 5120K, 0% used [0x00000000d9100000,0x00000000d9100000,0x00000000d9600000)
 ParOldGen       total 84992K, used 1173K [0x0000000085600000, 0x000000008a900000, 0x00000000d7200000)
  object space 84992K, 1% used [0x0000000085600000,0x0000000085725680,0x000000008a900000)
 Metaspace       used 14429K, capacity 15136K, committed 15488K, reserved 1062912K
  class space    used 1877K, capacity 2062K, committed 2176K, reserved 1048576K
}
Event: 3.459 GC heap before
{Heap before GC invocations=3 (full 0):
 PSYoungGen      total 36864K, used 36835K [0x00000000d7200000, 0x00000000d9b00000, 0x0000000100000000)
  eden space 31744K, 100% used [0x00000000d7200000,0x00000000d9100000,0x00000000d9100000)
  from space 5120K, 99% used [0x00000000d9600000,0x00000000d9af8e78,0x00000000d9b00000)
  to   space 5120K, 0% used [0x00000000d9100000,0x00000000d9100000,0x00000000d9600000)
 ParOldGen       total 84992K, used 1173K [0x0000000085600000, 0x000000008a900000, 0x00000000d7200000)
  object space 84992K, 1% used [0x0000000085600000,0x0000000085725680,0x000000008a900000)
 Metaspace       used 16472K, capacity 17328K, committed 17536K, reserved 1064960K
  class space    used 2182K, capacity 2380K, committed 2432K, reserved 1048576K
Event: 3.470 GC heap after
Heap after GC invocations=3 (full 0):
 PSYoungGen      total 36864K, used 5110K [0x00000000d7200000, 0x00000000dba00000, 0x0000000100000000)
  eden space 31744K, 0% used [0x00000000d7200000,0x00000000d7200000,0x00000000d9100000)
  from space 5120K, 99% used [0x00000000d9100000,0x00000000d95fd930,0x00000000d9600000)
  to   space 5120K, 0% used [0x00000000db500000,0x00000000db500000,0x00000000dba00000)
 ParOldGen       total 84992K, used 2995K [0x0000000085600000, 0x000000008a900000, 0x00000000d7200000)
  object space 84992K, 3% used [0x0000000085600000,0x00000000858ecfc8,0x000000008a900000)
 Metaspace       used 16472K, capacity 17328K, committed 17536K, reserved 1064960K
  class space    used 2182K, capacity 2380K, committed 2432K, reserved 1048576K
}
Event: 4.323 GC heap before
{Heap before GC invocations=4 (full 0):
 PSYoungGen      total 36864K, used 36854K [0x00000000d7200000, 0x00000000dba00000, 0x0000000100000000)
  eden space 31744K, 100% used [0x00000000d7200000,0x00000000d9100000,0x00000000d9100000)
  from space 5120K, 99% used [0x00000000d9100000,0x00000000d95fd930,0x00000000d9600000)
  to   space 5120K, 0% used [0x00000000db500000,0x00000000db500000,0x00000000dba00000)
 ParOldGen       total 84992K, used 2995K [0x0000000085600000, 0x000000008a900000, 0x00000000d7200000)
  object space 84992K, 3% used [0x0000000085600000,0x00000000858ecfc8,0x000000008a900000)
 Metaspace       used 19488K, capacity 20644K, committed 20864K, reserved 1067008K
  class space    used 2619K, capacity 2853K, committed 2944K, reserved 1048576K
Event: 4.332 GC heap after
Heap after GC invocations=4 (full 0):
 PSYoungGen      total 68608K, used 5110K [0x00000000d7200000, 0x00000000dba00000, 0x0000000100000000)
  eden space 63488K, 0% used [0x00000000d7200000,0x00000000d7200000,0x00000000db000000)
  from space 5120K, 99% used [0x00000000db500000,0x00000000db9fd910,0x00000000dba00000)
  to   space 5120K, 0% used [0x00000000db000000,0x00000000db000000,0x00000000db500000)
 ParOldGen       total 84992K, used 5167K [0x0000000085600000, 0x000000008a900000, 0x00000000d7200000)
  object space 84992K, 6% used [0x0000000085600000,0x0000000085b0bea8,0x000000008a900000)
 Metaspace       used 19488K, capacity 20644K, committed 20864K, reserved 1067008K
  class space    used 2619K, capacity 2853K, committed 2944K, reserved 1048576K
}
Event: 4.435 GC heap before
{Heap before GC invocations=5 (full 0):
 PSYoungGen      total 68608K, used 8885K [0x00000000d7200000, 0x00000000dba00000, 0x0000000100000000)
  eden space 63488K, 5% used [0x00000000d7200000,0x00000000d75afcb8,0x00000000db000000)
  from space 5120K, 99% used [0x00000000db500000,0x00000000db9fd910,0x00000000dba00000)
  to   space 5120K, 0% used [0x00000000db000000,0x00000000db000000,0x00000000db500000)
 ParOldGen       total 84992K, used 5167K [0x0000000085600000, 0x000000008a900000, 0x00000000d7200000)
  object space 84992K, 6% used [0x0000000085600000,0x0000000085b0bea8,0x000000008a900000)
 Metaspace       used 20062K, capacity 21220K, committed 21296K, reserved 1067008K
  class space    used 2678K, capacity 2917K, committed 2944K, reserved 1048576K
Event: 4.447 GC heap after
Heap after GC invocations=5 (full 0):
 PSYoungGen      total 68608K, used 5107K [0x00000000d7200000, 0x00000000dff00000, 0x0000000100000000)
  eden space 63488K, 0% used [0x00000000d7200000,0x00000000d7200000,0x00000000db000000)
  from space 5120K, 99% used [0x00000000db000000,0x00000000db4fceb0,0x00000000db500000)
  to   space 8704K, 0% used [0x00000000df680000,0x00000000df680000,0x00000000dff00000)
 ParOldGen       total 84992K, used 5419K [0x0000000085600000, 0x000000008a900000, 0x00000000d7200000)
  object space 84992K, 6% used [0x0000000085600000,0x0000000085b4acb0,0x000000008a900000)
 Metaspace       used 20062K, capacity 21220K, committed 21296K, reserved 1067008K
  class space    used 2678K, capacity 2917K, committed 2944K, reserved 1048576K
}
Event: 4.447 GC heap before
{Heap before GC invocations=6 (full 1):
 PSYoungGen      total 68608K, used 5107K [0x00000000d7200000, 0x00000000dff00000, 0x0000000100000000)
  eden space 63488K, 0% used [0x00000000d7200000,0x00000000d7200000,0x00000000db000000)
  from space 5120K, 99% used [0x00000000db000000,0x00000000db4fceb0,0x00000000db500000)
  to   space 8704K, 0% used [0x00000000df680000,0x00000000df680000,0x00000000dff00000)
 ParOldGen       total 84992K, used 5419K [0x0000000085600000, 0x000000008a900000, 0x00000000d7200000)
  object space 84992K, 6% used [0x0000000085600000,0x0000000085b4acb0,0x000000008a900000)
 Metaspace       used 20062K, capacity 21220K, committed 21296K, reserved 1067008K
  class space    used 2678K, capacity 2917K, committed 2944K, reserved 1048576K
Event: 4.485 GC heap after
Heap after GC invocations=6 (full 1):
 PSYoungGen      total 68608K, used 0K [0x00000000d7200000, 0x00000000dff00000, 0x0000000100000000)
  eden space 63488K, 0% used [0x00000000d7200000,0x00000000d7200000,0x00000000db000000)
  from space 5120K, 0% used [0x00000000db000000,0x00000000db000000,0x00000000db500000)
  to   space 8704K, 0% used [0x00000000df680000,0x00000000df680000,0x00000000dff00000)
 ParOldGen       total 47616K, used 5531K [0x0000000085600000, 0x0000000088480000, 0x00000000d7200000)
  object space 47616K, 11% used [0x0000000085600000,0x0000000085b66f80,0x0000000088480000)
 Metaspace       used 20062K, capacity 21220K, committed 21296K, reserved 1067008K
  class space    used 2678K, capacity 2917K, committed 2944K, reserved 1048576K
}

